This file contains any messages produced by compilers while
running configure, to aid debugging if configure makes a mistake.

It was created by confmod, which was
generated by GNU Autoconf 2.61.  Invocation command line was

  $ /Users/chris/src/third_party/dcmtk/config/confmod --srcdir=. --prefix=/ --cache-file=/Users/chris/src/third_party/.gen-files/dcmtk/config.cache --with-cxx11-stl

## --------- ##
## Platform. ##
## --------- ##

hostname = Christophers-MacBook-Pro.local
uname -m = x86_64
uname -r = 13.4.0
uname -s = Darwin
uname -v = Darwin Kernel Version 13.4.0: Wed Dec 17 19:05:52 PST 2014; root:xnu-2422.115.10~1/RELEASE_X86_64

/usr/bin/uname -p = i386
/bin/uname -X     = unknown

/bin/arch              = unknown
/usr/bin/arch -k       = unknown
/usr/convex/getsysinfo = unknown
/usr/bin/hostinfo      = Mach kernel version:
	 Darwin Kernel Version 13.4.0: Wed Dec 17 19:05:52 PST 2014; root:xnu-2422.115.10~1/RELEASE_X86_64
Kernel configured for up to 8 processors.
4 processors are physically available.
8 processors are logically available.
Processor type: i486 (Intel 80486)
Processors active: 0 1 2 3 4 5 6 7
Primary memory available: 8.00 gigabytes
Default processor set: 171 tasks, 916 threads, 8 processors
Load average: 2.25, Mach factor: 5.74
/bin/machine           = unknown
/usr/bin/oslevel       = unknown
/bin/universe          = unknown

PATH: /opt/local/bin
PATH: /opt/local/sbin
PATH: /opt/local/bin
PATH: /opt/local/sbin
PATH: /opt/local/libexec/ccache
PATH: /Users/chris/bin
PATH: /opt/local/lib/postgresql92/bin
PATH: /usr/bin
PATH: /bin
PATH: /usr/sbin
PATH: /sbin
PATH: /usr/local/bin
PATH: /opt/X11/bin
PATH: /usr/local/git/bin
PATH: /usr/local/go/bin
PATH: /opt/cuda/bin
PATH: /usr/local/go/bin
PATH: /usr/local/repobuild
PATH: /Users/chris/src/go/bin
PATH: /usr/local/gromacs/bin


## ----------- ##
## Core tests. ##
## ----------- ##

confmod:1526: loading cache /Users/chris/src/third_party/.gen-files/dcmtk/config.cache
confmod:1663: checking whether /Applications/Xcode.app/Contents/Developer/usr/bin/make sets $(MAKE)
confmod:1684: result: yes
confmod:1833: creating ./config.status

## ---------------------- ##
## Running config.status. ##
## ---------------------- ##

This file was extended by config.status, which was
generated by GNU Autoconf 2.61.  Invocation command line was

  CONFIG_FILES    = 
  CONFIG_HEADERS  = 
  CONFIG_LINKS    = 
  CONFIG_COMMANDS = 
  $ ./config.status 

on Christophers-MacBook-Pro.local

config.status:575: creating ./apps/Makefile
config.status:575: creating ./data/Makefile
config.status:575: creating ./docs/Makefile
config.status:575: creating ./etc/Makefile
config.status:575: creating ./include/Makefile
config.status:575: creating ./libsrc/Makefile
config.status:575: creating ./Makefile
config.status:575: creating ./tests/Makefile
config.status:575: creating ./wwwapps/Makefile

## ---------------- ##
## Cache variables. ##
## ---------------- ##

ac_cv_build=i386-apple-darwin13.4.0
ac_cv_c_char_unsigned=no
ac_cv_c_compiler_gnu=yes
ac_cv_check_class_template=yes
ac_cv_check_explicit_template_specialization=yes
ac_cv_check_function_template=yes
ac_cv_check_gnu_libtool=no
ac_cv_check_static_template_method=yes
ac_cv_check_std_namespace=yes
ac_cv_compiles_std__vfprintf=yes
ac_cv_compiles_std__vsnprintf=yes
ac_cv_cxx_compiler_gnu=yes
ac_cv_cxx_const_cast=yes
ac_cv_cxx_dynamic_cast=yes
ac_cv_cxx_libc_h_is_cxx=no
ac_cv_cxx_nothrow_delete=yes
ac_cv_cxx_reinterpret_cast=yes
ac_cv_cxx_static_cast=yes
ac_cv_cxx_std_nothrow=yes
ac_cv_cxx_typename=yes
ac_cv_declaration_ios_nocreate=no
ac_cv_declaration_socklen_t=yes
ac_cv_declaration_std__ios_base__openmode=yes
ac_cv_declaration_struct_utimbuf=yes
ac_cv_env_CCC_set=
ac_cv_env_CCC_value=
ac_cv_env_CC_set=set
ac_cv_env_CC_value=cc
ac_cv_env_CFLAGS_set=set
ac_cv_env_CFLAGS_value='-stdlib=libc++ -pthread -Qunused-arguments  '
ac_cv_env_CPPFLAGS_set=
ac_cv_env_CPPFLAGS_value=
ac_cv_env_CPP_set=
ac_cv_env_CPP_value=
ac_cv_env_CXXCPP_set=
ac_cv_env_CXXCPP_value=
ac_cv_env_CXXFLAGS_set=set
ac_cv_env_CXXFLAGS_value='-stdlib=libc++ -pthread -Qunused-arguments -std=c++11  '
ac_cv_env_CXX_set=set
ac_cv_env_CXX_value=c++
ac_cv_env_LDFLAGS_set=set
ac_cv_env_LDFLAGS_value='-stdlib=libc++ -lpthread -g -O3 -flto -L/usr/local/lib -L/opt/local/lib '
ac_cv_env_LIBS_set=
ac_cv_env_LIBS_value=
ac_cv_env_build_alias_set=
ac_cv_env_build_alias_value=
ac_cv_env_host_alias_set=
ac_cv_env_host_alias_value=
ac_cv_env_target_alias_set=
ac_cv_env_target_alias_value=
ac_cv_func__doprnt=no
ac_cv_func__findfirst=no
ac_cv_func_accept=yes
ac_cv_func_access=yes
ac_cv_func_bcmp=yes
ac_cv_func_bcopy=yes
ac_cv_func_bind=yes
ac_cv_func_bzero=yes
ac_cv_func_connect=yes
ac_cv_func_cuserid=no
ac_cv_func_finite=yes
ac_cv_func_flock=yes
ac_cv_func_fork=yes
ac_cv_func_ftime=yes
ac_cv_func_getaddrinfo=yes
ac_cv_func_getenv=yes
ac_cv_func_geteuid=yes
ac_cv_func_getgrnam=yes
ac_cv_func_gethostbyname=yes
ac_cv_func_gethostid=yes
ac_cv_func_gethostname=yes
ac_cv_func_getlogin=yes
ac_cv_func_getpid=yes
ac_cv_func_getpwnam=yes
ac_cv_func_getsockname=yes
ac_cv_func_getsockopt=yes
ac_cv_func_getuid=yes
ac_cv_func_gmtime_r=yes
ac_cv_func_htonl=yes
ac_cv_func_htons=yes
ac_cv_func_index=yes
ac_cv_func_isinf=yes
ac_cv_func_isnan=yes
ac_cv_func_itoa=no
ac_cv_func_listen=yes
ac_cv_func_localtime_r=yes
ac_cv_func_lockf=yes
ac_cv_func_lstat=yes
ac_cv_func_malloc_debug=yes
ac_cv_func_memcmp=yes
ac_cv_func_memcmp_working=yes
ac_cv_func_memcpy=yes
ac_cv_func_memmove=yes
ac_cv_func_memset=yes
ac_cv_func_mkstemp=yes
ac_cv_func_mktemp=yes
ac_cv_func_ntohl=yes
ac_cv_func_ntohs=yes
ac_cv_func_rindex=yes
ac_cv_func_select=yes
ac_cv_func_setsockopt=yes
ac_cv_func_setuid=yes
ac_cv_func_sleep=yes
ac_cv_func_socket=yes
ac_cv_func_stat=yes
ac_cv_func_strchr=yes
ac_cv_func_strdup=yes
ac_cv_func_strerror=yes
ac_cv_func_strlcat=yes
ac_cv_func_strlcpy=yes
ac_cv_func_strstr=yes
ac_cv_func_strtoul=yes
ac_cv_func_sysinfo=no
ac_cv_func_tempnam=yes
ac_cv_func_tmpnam=yes
ac_cv_func_uname=yes
ac_cv_func_usleep=yes
ac_cv_func_vprintf=yes
ac_cv_func_vsnprintf=yes
ac_cv_func_wait3_rusage=yes
ac_cv_func_waitpid=yes
ac_cv_have_cxx_bool=yes
ac_cv_have_cxx_volatile=yes
ac_cv_header_alloca_h=yes
ac_cv_header_arpa_inet_h=yes
ac_cv_header_assert_h=yes
ac_cv_header_cstdarg=yes
ac_cv_header_cstdio=yes
ac_cv_header_ctype_h=yes
ac_cv_header_dirent_dirent_h=yes
ac_cv_header_errno_h=yes
ac_cv_header_fcntl_h=yes
ac_cv_header_float_h=yes
ac_cv_header_fnmatch_h=yes
ac_cv_header_fstream=yes
ac_cv_header_fstream_h=no
ac_cv_header_grp_h=yes
ac_cv_header_ieeefp_h=no
ac_cv_header_inttypes_h=yes
ac_cv_header_io_h=no
ac_cv_header_iomanip=yes
ac_cv_header_iomanip_h=no
ac_cv_header_iostream=yes
ac_cv_header_iostream_h=no
ac_cv_header_iso646_h=yes
ac_cv_header_libc_h=yes
ac_cv_header_libpng_png_h=no
ac_cv_header_limits_h=yes
ac_cv_header_locale_h=yes
ac_cv_header_malloc_h=no
ac_cv_header_math_h=yes
ac_cv_header_memory_h=yes
ac_cv_header_netdb_h=yes
ac_cv_header_netinet_in_h=yes
ac_cv_header_netinet_in_systm_h=yes
ac_cv_header_netinet_tcp_h=yes
ac_cv_header_new=yes
ac_cv_header_new_h=no
ac_cv_header_pthread_h=yes
ac_cv_header_pwd_h=yes
ac_cv_header_semaphore_h=yes
ac_cv_header_setjmp_h=yes
ac_cv_header_signal_h=yes
ac_cv_header_sndfile_h=yes
ac_cv_header_sstream=yes
ac_cv_header_sstream_h=no
ac_cv_header_stat_h=no
ac_cv_header_stdarg_h=yes
ac_cv_header_stdbool_h=yes
ac_cv_header_stdc=yes
ac_cv_header_stddef_h=yes
ac_cv_header_stdint_h=yes
ac_cv_header_stdio_h=yes
ac_cv_header_stdlib_h=yes
ac_cv_header_string_h=yes
ac_cv_header_strings_h=yes
ac_cv_header_strstrea_h=no
ac_cv_header_strstream=yes
ac_cv_header_strstream_h=no
ac_cv_header_synch_h=no
ac_cv_header_sys_errno_h=yes
ac_cv_header_sys_file_h=yes
ac_cv_header_sys_param_h=yes
ac_cv_header_sys_resource_h=yes
ac_cv_header_sys_select_h=yes
ac_cv_header_sys_socket_h=yes
ac_cv_header_sys_stat_h=yes
ac_cv_header_sys_time_h=yes
ac_cv_header_sys_types_h=yes
ac_cv_header_sys_utime_h=no
ac_cv_header_sys_utsname_h=yes
ac_cv_header_sys_wait_h=yes
ac_cv_header_syslog_h=yes
ac_cv_header_thread_h=no
ac_cv_header_time_h=yes
ac_cv_header_unistd_h=yes
ac_cv_header_unix_h=no
ac_cv_header_utime_h=yes
ac_cv_header_wctype_h=yes
ac_cv_host=i386-apple-darwin13.4.0
ac_cv_include_math_h_as_cxx=no
ac_cv_lfs64_support=no
ac_cv_lfs_support=yes
ac_cv_lib_dl_main=yes
ac_cv_lib_gxx=no
ac_cv_lib_iostream_main=no
ac_cv_lib_jpeg_jpeg_set_defaults=yes
ac_cv_lib_m_main=yes
ac_cv_lib_netapi32_main=no
ac_cv_lib_nsl_gethostbyname=no
ac_cv_lib_nsl_main=no
ac_cv_lib_pthread_pthread_key_create=yes
ac_cv_lib_pthread_pthread_rwlock_init=yes
ac_cv_lib_rt_sem_init=no
ac_cv_lib_socket_main=no
ac_cv_lib_socket_socket=no
ac_cv_lib_wsock32_main=no
ac_cv_libtiff_lzw_compression=yes
ac_cv_my_c_char_unsigned=no
ac_cv_my_c_const=yes
ac_cv_my_c_inline=inline
ac_cv_my_c_rightshift_unsigned=no
ac_cv_objext=o
ac_cv_old_readdir_r=no
ac_cv_path_EGREP='/usr/bin/grep -E'
ac_cv_path_GREP=/usr/bin/grep
ac_cv_path_install='/opt/local/bin/ginstall -c'
ac_cv_pointer_type_pthread_t=yes
ac_cv_prog_AR=ar
ac_cv_prog_CPP='cc -E'
ac_cv_prog_CXX=c++
ac_cv_prog_CXXCPP='c++ -E'
ac_cv_prog_LIBTOOL=libtool
ac_cv_prog_RANLIB=ranlib
ac_cv_prog_ac_ct_CC=cc
ac_cv_prog_cc_c89=
ac_cv_prog_cc_g=yes
ac_cv_prog_cxx_g=yes
ac_cv_prog_make__Applications_Xcode_app_Contents_Developer_usr_bin_make_set=yes
ac_cv_prototype__stricmp=no
ac_cv_prototype_accept=yes
ac_cv_prototype_bind=yes
ac_cv_prototype_bzero=yes
ac_cv_prototype_connect=yes
ac_cv_prototype_finite=no
ac_cv_prototype_flock=no
ac_cv_prototype_gethostbyname=yes
ac_cv_prototype_gethostid=yes
ac_cv_prototype_gethostname=yes
ac_cv_prototype_getsockname=yes
ac_cv_prototype_getsockopt=yes
ac_cv_prototype_gettimeofday=yes
ac_cv_prototype_intp_accept=no
ac_cv_prototype_intp_getsockopt=no
ac_cv_prototype_intp_select=no
ac_cv_prototype_isinf=yes
ac_cv_prototype_isnan=yes
ac_cv_prototype_listen=yes
ac_cv_prototype_mkstemp=yes
ac_cv_prototype_mktemp=yes
ac_cv_prototype_select=yes
ac_cv_prototype_setsockopt=yes
ac_cv_prototype_socket=yes
ac_cv_prototype_strcasecmp=no
ac_cv_prototype_strerror_r=no
ac_cv_prototype_strncasecmp=no
ac_cv_prototype_usleep=yes
ac_cv_prototype_vsnprintf=yes
ac_cv_prototype_wait3=yes
ac_cv_prototype_waitpid=yes
ac_cv_search_opendir='none required'
ac_cv_search_strerror='none required'
ac_cv_signal_handler_with_ellipse=no
ac_cv_sizeof_char=1
ac_cv_sizeof_double=8
ac_cv_sizeof_float=4
ac_cv_sizeof_int=4
ac_cv_sizeof_long=8
ac_cv_sizeof_short=2
ac_cv_sizeof_void_p=8
ac_cv_stdio_namespace_is_std=no
ac_cv_struct_tm=time.h
ac_cv_sys_file_offset_bits=no
ac_cv_sys_large_files=no
ac_cv_sys_largefile_CC=no
ac_cv_sys_largefile_source=no
ac_cv_sys_long_file_names=yes
ac_cv_type_char=yes
ac_cv_type_double=yes
ac_cv_type_float=yes
ac_cv_type_int64_t=yes
ac_cv_type_int=yes
ac_cv_type_long=yes
ac_cv_type_longlong=no
ac_cv_type_pid_t=yes
ac_cv_type_short=yes
ac_cv_type_signal=void
ac_cv_type_size_t=yes
ac_cv_type_socklen_t=yes
ac_cv_type_ssize_t=yes
ac_cv_type_uchar=no
ac_cv_type_uint64_t=yes
ac_cv_type_uint=yes
ac_cv_type_ulong=no
ac_cv_type_ulonglong=no
ac_cv_type_ushort=yes
ac_cv_type_void_p=yes

## ----------------- ##
## Output variables. ##
## ----------------- ##

DEFS='-DPACKAGE_NAME=\"\" -DPACKAGE_TARNAME=\"\" -DPACKAGE_VERSION=\"\" -DPACKAGE_STRING=\"\" -DPACKAGE_BUGREPORT=\"\"'
ECHO_C='ECHO_N=''
ECHO_T=''
LIBOBJS=''
LIBS=''
LTLIBOBJS=''
PACKAGE_BUGREPORT=''
PACKAGE_NAME=''
PACKAGE_STRING=''
PACKAGE_TARNAME=''
PACKAGE_VERSION=''
PATH_SEPARATOR=':'
SET_MAKE=''
SHELL='/bin/sh'
bindir='${exec_prefix}/bin'
build_alias=''
common_makefile='Makefile.def'
configdir='../config'
datadir='${datarootdir}/dcmtk'
datarootdir='${prefix}/share'
docdir='${datarootdir}/doc/dcmtk'
dvidir='${docdir}'
exec_prefix='${prefix}'
host_alias=''
htmldir='${docdir}/html'
includedir='${prefix}/include'
infodir='${datarootdir}/info'
libdir='${exec_prefix}/lib'
libexecdir='${exec_prefix}/libexec'
localedir='${datarootdir}/locale'
localstatedir='${prefix}/var'
mandir='${datarootdir}/man'
oldincludedir='/usr/include'
pdfdir='${docdir}'
prefix='/'
program_transform_name='s,x,x,'
psdir='${docdir}'
sbindir='${exec_prefix}/sbin'
sharedstatedir='${prefix}/com'
sysconfdir='${prefix}/etc/dcmtk'
target_alias=''

## ----------- ##
## confdefs.h. ##
## ----------- ##

#define PACKAGE_NAME ""
#define PACKAGE_TARNAME ""
#define PACKAGE_VERSION ""
#define PACKAGE_STRING ""
#define PACKAGE_BUGREPORT ""

confmod: exit 0
